<?xml version="1.0" encoding="UTF-8"?>
<!-- Generated by org.testng.reporters.JUnitXMLReporter -->
<testsuite ignored="0" hostname="Mohammads-Laptop.local" failures="0" tests="4" name="Default test" time="10.232" errors="0" timestamp="23 May 2024 10:39:17 GMT">
  <testcase classname="com.qa.opencart.tests.LoginPageTest" name="forgotPwdLinkTest" time="0.494"/>
  <testcase classname="com.qa.opencart.tests.LoginPageTest" name="loginPageTitleTest" time="0.006"/>
  <testcase classname="com.qa.opencart.tests.LoginPageTest" name="loginPageUrlTest" time="0.004"/>
  <testcase classname="com.qa.opencart.tests.LoginPageTest" name="loginTest" time="1.752"/>
</testsuite> <!-- Default test -->
