<?xml version="1.0" encoding="UTF-8"?>
<testng-results ignored="0" total="4" passed="4" failed="0" skipped="0">
  <reporter-output>
  </reporter-output>
  <suite started-at="2024-05-23T10:39:07Z" name="Default suite" finished-at="2024-05-23T10:39:17Z" duration-ms="10232">
    <groups>
    </groups>
    <test started-at="2024-05-23T10:39:07Z" name="Default test" finished-at="2024-05-23T10:39:17Z" duration-ms="10232">
      <class name="com.qa.opencart.tests.LoginPageTest">
        <test-method is-config="true" signature="setUp()[pri:0, instance:com.qa.opencart.tests.LoginPageTest@f0c8a99]" started-at="2024-05-23T10:39:07Z" name="setUp" finished-at="2024-05-23T10:39:15Z" duration-ms="7875" status="PASS">
          <reporter-output>
          </reporter-output>
        </test-method> <!-- setUp -->
        <test-method signature="forgotPwdLinkTest()[pri:0, instance:com.qa.opencart.tests.LoginPageTest@f0c8a99]" started-at="2024-05-23T10:39:15Z" name="forgotPwdLinkTest" finished-at="2024-05-23T10:39:15Z" duration-ms="494" status="PASS">
          <reporter-output>
          </reporter-output>
        </test-method> <!-- forgotPwdLinkTest -->
        <test-method signature="loginPageTitleTest()[pri:0, instance:com.qa.opencart.tests.LoginPageTest@f0c8a99]" started-at="2024-05-23T10:39:15Z" name="loginPageTitleTest" finished-at="2024-05-23T10:39:15Z" duration-ms="6" status="PASS">
          <reporter-output>
          </reporter-output>
        </test-method> <!-- loginPageTitleTest -->
        <test-method signature="loginPageUrlTest()[pri:0, instance:com.qa.opencart.tests.LoginPageTest@f0c8a99]" started-at="2024-05-23T10:39:15Z" name="loginPageUrlTest" finished-at="2024-05-23T10:39:15Z" duration-ms="4" status="PASS">
          <reporter-output>
          </reporter-output>
        </test-method> <!-- loginPageUrlTest -->
        <test-method signature="loginTest()[pri:0, instance:com.qa.opencart.tests.LoginPageTest@f0c8a99]" started-at="2024-05-23T10:39:15Z" name="loginTest" finished-at="2024-05-23T10:39:17Z" duration-ms="1752" status="PASS">
          <reporter-output>
          </reporter-output>
        </test-method> <!-- loginTest -->
        <test-method is-config="true" signature="tearDown()[pri:0, instance:com.qa.opencart.tests.LoginPageTest@f0c8a99]" started-at="2024-05-23T10:39:17Z" name="tearDown" finished-at="2024-05-23T10:39:17Z" duration-ms="88" status="PASS">
          <reporter-output>
          </reporter-output>
        </test-method> <!-- tearDown -->
      </class> <!-- com.qa.opencart.tests.LoginPageTest -->
    </test> <!-- Default test -->
  </suite> <!-- Default suite -->
</testng-results>
